2021/08/09 11:27:36 [notice] 1#1: using the "epoll" event method
2021/08/09 11:27:36 [notice] 1#1: nginx/1.21.1
2021/08/09 11:27:36 [notice] 1#1: built by gcc 8.3.0 (Debian 8.3.0-6) 
2021/08/09 11:27:36 [notice] 1#1: OS: Linux 5.8.0-63-generic
2021/08/09 11:27:36 [notice] 1#1: getrlimit(RLIMIT_NOFILE): 1048576:1048576
2021/08/09 11:27:36 [notice] 1#1: start worker processes
2021/08/09 11:27:36 [notice] 1#1: start worker process 30
2021/08/09 11:27:36 [notice] 1#1: start worker process 31
2021/08/09 11:27:36 [notice] 1#1: start worker process 32
2021/08/09 11:27:36 [notice] 1#1: start worker process 33
2021/08/09 11:29:29 [notice] 1#1: signal 3 (SIGQUIT) received, shutting down
2021/08/09 11:29:29 [notice] 30#30: gracefully shutting down
2021/08/09 11:29:29 [notice] 31#31: gracefully shutting down
2021/08/09 11:29:29 [notice] 32#32: gracefully shutting down
2021/08/09 11:29:29 [notice] 33#33: gracefully shutting down
2021/08/09 11:29:29 [notice] 30#30: exiting
2021/08/09 11:29:29 [notice] 31#31: exiting
2021/08/09 11:29:29 [notice] 32#32: exiting
2021/08/09 11:29:29 [notice] 33#33: exiting
2021/08/09 11:29:29 [notice] 30#30: exit
2021/08/09 11:29:29 [notice] 32#32: exit
2021/08/09 11:29:29 [notice] 31#31: exit
2021/08/09 11:29:29 [notice] 33#33: exit
2021/08/09 11:29:29 [notice] 1#1: signal 17 (SIGCHLD) received from 31
2021/08/09 11:29:29 [notice] 1#1: worker process 31 exited with code 0
2021/08/09 11:29:29 [notice] 1#1: worker process 32 exited with code 0
2021/08/09 11:29:29 [notice] 1#1: signal 29 (SIGIO) received
2021/08/09 11:29:29 [notice] 1#1: signal 17 (SIGCHLD) received from 32
2021/08/09 11:29:29 [notice] 1#1: signal 17 (SIGCHLD) received from 33
2021/08/09 11:29:29 [notice] 1#1: worker process 33 exited with code 0
2021/08/09 11:29:29 [notice] 1#1: signal 29 (SIGIO) received
2021/08/09 11:29:29 [notice] 1#1: signal 17 (SIGCHLD) received from 30
2021/08/09 11:29:29 [notice] 1#1: worker process 30 exited with code 0
2021/08/09 11:29:29 [notice] 1#1: exit
2021/08/09 11:29:50 [notice] 1#1: using the "epoll" event method
2021/08/09 11:29:50 [notice] 1#1: nginx/1.21.1
2021/08/09 11:29:50 [notice] 1#1: built by gcc 8.3.0 (Debian 8.3.0-6) 
2021/08/09 11:29:50 [notice] 1#1: OS: Linux 5.8.0-63-generic
2021/08/09 11:29:50 [notice] 1#1: getrlimit(RLIMIT_NOFILE): 1048576:1048576
2021/08/09 11:29:50 [notice] 1#1: start worker processes
2021/08/09 11:29:50 [notice] 1#1: start worker process 30
2021/08/09 11:29:50 [notice] 1#1: start worker process 31
2021/08/09 11:29:50 [notice] 1#1: start worker process 32
2021/08/09 11:29:50 [notice] 1#1: start worker process 33
2021/08/09 11:32:00 [error] 31#31: *1 FastCGI sent in stderr: "Primary script unknown" while reading response header from upstream, client: 172.18.0.1, server: web.dev, request: "GET / HTTP/1.1", upstream: "fastcgi://172.18.0.3:9000", host: "localhost:8080"
2021/08/09 11:32:00 [error] 31#31: *1 open() "/var/www/html/favicon.ico" failed (2: No such file or directory), client: 172.18.0.1, server: web.dev, request: "GET /favicon.ico HTTP/1.1", host: "localhost:8080", referrer: "http://localhost:8080/"
2021/08/09 11:32:31 [error] 31#31: *1 FastCGI sent in stderr: "Primary script unknown" while reading response header from upstream, client: 172.18.0.1, server: web.dev, request: "GET / HTTP/1.1", upstream: "fastcgi://172.18.0.3:9000", host: "localhost:8080"
2021/08/09 12:16:53 [notice] 1#1: signal 3 (SIGQUIT) received, shutting down
2021/08/09 12:16:53 [notice] 31#31: gracefully shutting down
2021/08/09 12:16:53 [notice] 30#30: gracefully shutting down
2021/08/09 12:16:53 [notice] 32#32: gracefully shutting down
2021/08/09 12:16:53 [notice] 33#33: gracefully shutting down
2021/08/09 12:16:53 [notice] 31#31: exiting
2021/08/09 12:16:53 [notice] 30#30: exiting
2021/08/09 12:16:53 [notice] 32#32: exiting
2021/08/09 12:16:53 [notice] 33#33: exiting
2021/08/09 12:16:53 [notice] 31#31: exit
2021/08/09 12:16:53 [notice] 30#30: exit
2021/08/09 12:16:53 [notice] 32#32: exit
2021/08/09 12:16:53 [notice] 33#33: exit
2021/08/09 12:16:53 [notice] 1#1: signal 17 (SIGCHLD) received from 30
2021/08/09 12:16:53 [notice] 1#1: worker process 30 exited with code 0
2021/08/09 12:16:53 [notice] 1#1: signal 29 (SIGIO) received
2021/08/09 12:16:53 [notice] 1#1: signal 17 (SIGCHLD) received from 33
2021/08/09 12:16:53 [notice] 1#1: worker process 32 exited with code 0
2021/08/09 12:16:53 [notice] 1#1: worker process 33 exited with code 0
2021/08/09 12:16:53 [notice] 1#1: signal 29 (SIGIO) received
2021/08/09 12:16:53 [notice] 1#1: signal 17 (SIGCHLD) received from 31
2021/08/09 12:16:53 [notice] 1#1: worker process 31 exited with code 0
2021/08/09 12:16:53 [notice] 1#1: exit
2021/08/09 15:02:04 [notice] 1#1: using the "epoll" event method
2021/08/09 15:02:04 [notice] 1#1: nginx/1.21.1
2021/08/09 15:02:04 [notice] 1#1: built by gcc 8.3.0 (Debian 8.3.0-6) 
2021/08/09 15:02:04 [notice] 1#1: OS: Linux 5.8.0-63-generic
2021/08/09 15:02:04 [notice] 1#1: getrlimit(RLIMIT_NOFILE): 1048576:1048576
2021/08/09 15:02:04 [notice] 1#1: start worker processes
2021/08/09 15:02:04 [notice] 1#1: start worker process 30
2021/08/09 15:02:04 [notice] 1#1: start worker process 31
2021/08/09 15:02:04 [notice] 1#1: start worker process 32
2021/08/09 15:02:04 [notice] 1#1: start worker process 33
2021/08/09 15:22:31 [notice] 1#1: signal 3 (SIGQUIT) received, shutting down
2021/08/09 15:22:31 [notice] 30#30: gracefully shutting down
2021/08/09 15:22:31 [notice] 31#31: gracefully shutting down
2021/08/09 15:22:31 [notice] 32#32: gracefully shutting down
2021/08/09 15:22:31 [notice] 31#31: exiting
2021/08/09 15:22:31 [notice] 30#30: exiting
2021/08/09 15:22:31 [notice] 32#32: exiting
2021/08/09 15:22:31 [notice] 32#32: exit
2021/08/09 15:22:31 [notice] 31#31: exit
2021/08/09 15:22:31 [notice] 30#30: exit
2021/08/09 15:22:31 [notice] 33#33: gracefully shutting down
2021/08/09 15:22:31 [notice] 33#33: exiting
2021/08/09 15:22:31 [notice] 33#33: exit
2021/08/09 15:22:31 [notice] 1#1: signal 17 (SIGCHLD) received from 31
2021/08/09 15:22:31 [notice] 1#1: worker process 30 exited with code 0
2021/08/09 15:22:31 [notice] 1#1: worker process 31 exited with code 0
2021/08/09 15:22:31 [notice] 1#1: worker process 33 exited with code 0
2021/08/09 15:22:31 [notice] 1#1: signal 29 (SIGIO) received
2021/08/09 15:22:31 [notice] 1#1: signal 17 (SIGCHLD) received from 30
2021/08/09 15:22:31 [notice] 1#1: signal 17 (SIGCHLD) received from 32
2021/08/09 15:22:31 [notice] 1#1: worker process 32 exited with code 0
2021/08/09 15:22:31 [notice] 1#1: exit
2021/08/09 15:22:58 [emerg] 1#1: host not found in upstream "php" in /etc/nginx/conf.d/default.conf:11
2021/08/09 15:26:56 [notice] 1#1: using the "epoll" event method
2021/08/09 15:26:56 [notice] 1#1: nginx/1.21.1
2021/08/09 15:26:56 [notice] 1#1: built by gcc 8.3.0 (Debian 8.3.0-6) 
2021/08/09 15:26:56 [notice] 1#1: OS: Linux 5.8.0-63-generic
2021/08/09 15:26:56 [notice] 1#1: getrlimit(RLIMIT_NOFILE): 1048576:1048576
2021/08/09 15:26:56 [notice] 1#1: start worker processes
2021/08/09 15:26:56 [notice] 1#1: start worker process 31
2021/08/09 15:26:56 [notice] 1#1: start worker process 32
2021/08/09 15:26:56 [notice] 1#1: start worker process 33
2021/08/09 15:26:56 [notice] 1#1: start worker process 34
2021/08/09 15:36:15 [notice] 1#1: signal 3 (SIGQUIT) received, shutting down
2021/08/09 15:36:15 [notice] 32#32: gracefully shutting down
2021/08/09 15:36:15 [notice] 34#34: gracefully shutting down
2021/08/09 15:36:15 [notice] 31#31: gracefully shutting down
2021/08/09 15:36:15 [notice] 33#33: gracefully shutting down
2021/08/09 15:36:15 [notice] 32#32: exiting
2021/08/09 15:36:15 [notice] 34#34: exiting
2021/08/09 15:36:15 [notice] 31#31: exiting
2021/08/09 15:36:15 [notice] 33#33: exiting
2021/08/09 15:36:15 [notice] 32#32: exit
2021/08/09 15:36:15 [notice] 34#34: exit
2021/08/09 15:36:15 [notice] 31#31: exit
2021/08/09 15:36:15 [notice] 33#33: exit
2021/08/09 15:36:15 [notice] 1#1: signal 17 (SIGCHLD) received from 34
2021/08/09 15:36:15 [notice] 1#1: worker process 32 exited with code 0
2021/08/09 15:36:15 [notice] 1#1: worker process 34 exited with code 0
2021/08/09 15:36:15 [notice] 1#1: signal 29 (SIGIO) received
2021/08/09 15:36:15 [notice] 1#1: signal 17 (SIGCHLD) received from 31
2021/08/09 15:36:15 [notice] 1#1: worker process 31 exited with code 0
2021/08/09 15:36:15 [notice] 1#1: signal 29 (SIGIO) received
2021/08/09 15:36:15 [notice] 1#1: signal 17 (SIGCHLD) received from 33
2021/08/09 15:36:15 [notice] 1#1: worker process 33 exited with code 0
2021/08/09 15:36:15 [notice] 1#1: exit
2021/08/09 15:36:44 [notice] 1#1: using the "epoll" event method
2021/08/09 15:36:44 [notice] 1#1: nginx/1.21.1
2021/08/09 15:36:44 [notice] 1#1: built by gcc 8.3.0 (Debian 8.3.0-6) 
2021/08/09 15:36:44 [notice] 1#1: OS: Linux 5.8.0-63-generic
2021/08/09 15:36:44 [notice] 1#1: getrlimit(RLIMIT_NOFILE): 1048576:1048576
2021/08/09 15:36:44 [notice] 1#1: start worker processes
2021/08/09 15:36:44 [notice] 1#1: start worker process 30
2021/08/09 15:36:44 [notice] 1#1: start worker process 31
2021/08/09 15:36:44 [notice] 1#1: start worker process 32
2021/08/09 15:36:44 [notice] 1#1: start worker process 33
2021/08/09 15:38:29 [notice] 1#1: signal 3 (SIGQUIT) received, shutting down
2021/08/09 15:38:29 [notice] 30#30: gracefully shutting down
2021/08/09 15:38:29 [notice] 31#31: gracefully shutting down
2021/08/09 15:38:29 [notice] 32#32: gracefully shutting down
2021/08/09 15:38:29 [notice] 30#30: exiting
2021/08/09 15:38:29 [notice] 31#31: exiting
2021/08/09 15:38:29 [notice] 32#32: exiting
2021/08/09 15:38:29 [notice] 30#30: exit
2021/08/09 15:38:29 [notice] 32#32: exit
2021/08/09 15:38:29 [notice] 31#31: exit
2021/08/09 15:38:29 [notice] 33#33: gracefully shutting down
2021/08/09 15:38:29 [notice] 33#33: exiting
2021/08/09 15:38:29 [notice] 33#33: exit
2021/08/09 15:38:29 [notice] 1#1: signal 17 (SIGCHLD) received from 30
2021/08/09 15:38:29 [notice] 1#1: worker process 30 exited with code 0
2021/08/09 15:38:29 [notice] 1#1: worker process 31 exited with code 0
2021/08/09 15:38:29 [notice] 1#1: signal 29 (SIGIO) received
2021/08/09 15:38:29 [notice] 1#1: signal 17 (SIGCHLD) received from 32
2021/08/09 15:38:29 [notice] 1#1: worker process 32 exited with code 0
2021/08/09 15:38:29 [notice] 1#1: signal 29 (SIGIO) received
2021/08/09 15:38:29 [notice] 1#1: signal 17 (SIGCHLD) received from 33
2021/08/09 15:38:29 [notice] 1#1: worker process 33 exited with code 0
2021/08/09 15:38:29 [notice] 1#1: exit
2021/08/09 15:39:06 [notice] 1#1: using the "epoll" event method
2021/08/09 15:39:06 [notice] 1#1: nginx/1.21.1
2021/08/09 15:39:06 [notice] 1#1: built by gcc 8.3.0 (Debian 8.3.0-6) 
2021/08/09 15:39:06 [notice] 1#1: OS: Linux 5.8.0-63-generic
2021/08/09 15:39:06 [notice] 1#1: getrlimit(RLIMIT_NOFILE): 1048576:1048576
2021/08/09 15:39:06 [notice] 1#1: start worker processes
2021/08/09 15:39:06 [notice] 1#1: start worker process 30
2021/08/09 15:39:06 [notice] 1#1: start worker process 31
2021/08/09 15:39:06 [notice] 1#1: start worker process 32
2021/08/09 15:39:06 [notice] 1#1: start worker process 33
2021/08/09 15:56:28 [notice] 1#1: signal 3 (SIGQUIT) received, shutting down
2021/08/09 15:56:28 [notice] 30#30: gracefully shutting down
2021/08/09 15:56:28 [notice] 31#31: gracefully shutting down
2021/08/09 15:56:28 [notice] 32#32: gracefully shutting down
2021/08/09 15:56:28 [notice] 30#30: exiting
2021/08/09 15:56:28 [notice] 31#31: exiting
2021/08/09 15:56:28 [notice] 32#32: exiting
2021/08/09 15:56:28 [notice] 33#33: gracefully shutting down
2021/08/09 15:56:28 [notice] 33#33: exiting
2021/08/09 15:56:28 [notice] 31#31: exit
2021/08/09 15:56:28 [notice] 32#32: exit
2021/08/09 15:56:28 [notice] 33#33: exit
2021/08/09 15:56:28 [notice] 30#30: exit
2021/08/09 15:56:28 [notice] 1#1: signal 17 (SIGCHLD) received from 31
2021/08/09 15:56:28 [notice] 1#1: worker process 31 exited with code 0
2021/08/09 15:56:28 [notice] 1#1: worker process 33 exited with code 0
2021/08/09 15:56:28 [notice] 1#1: signal 29 (SIGIO) received
2021/08/09 15:56:28 [notice] 1#1: signal 17 (SIGCHLD) received from 30
2021/08/09 15:56:28 [notice] 1#1: worker process 30 exited with code 0
2021/08/09 15:56:28 [notice] 1#1: worker process 32 exited with code 0
2021/08/09 15:56:28 [notice] 1#1: exit
2021/08/09 15:56:32 [notice] 1#1: using the "epoll" event method
2021/08/09 15:56:32 [notice] 1#1: nginx/1.21.1
2021/08/09 15:56:32 [notice] 1#1: built by gcc 8.3.0 (Debian 8.3.0-6) 
2021/08/09 15:56:32 [notice] 1#1: OS: Linux 5.8.0-63-generic
2021/08/09 15:56:32 [notice] 1#1: getrlimit(RLIMIT_NOFILE): 1048576:1048576
2021/08/09 15:56:32 [notice] 1#1: start worker processes
2021/08/09 15:56:32 [notice] 1#1: start worker process 30
2021/08/09 15:56:32 [notice] 1#1: start worker process 31
2021/08/09 15:56:32 [notice] 1#1: start worker process 32
2021/08/09 15:56:32 [notice] 1#1: start worker process 33
2021/08/09 15:56:47 [error] 30#30: *1 FastCGI sent in stderr: "Primary script unknown" while reading response header from upstream, client: 10.241.2.1, server: web.dev, request: "GET / HTTP/1.1", upstream: "fastcgi://10.241.2.3:9000", host: "localhost:8080"
2021/08/09 15:57:14 [error] 30#30: *4 FastCGI sent in stderr: "Primary script unknown" while reading response header from upstream, client: 10.241.2.1, server: web.dev, request: "GET / HTTP/1.1", upstream: "fastcgi://10.241.2.3:9000", host: "10.241.2.4"
2021/08/09 15:57:14 [error] 30#30: *4 open() "/var/www/html/favicon.ico" failed (2: No such file or directory), client: 10.241.2.1, server: web.dev, request: "GET /favicon.ico HTTP/1.1", host: "10.241.2.4", referrer: "http://10.241.2.4/"
2021/08/09 15:59:34 [error] 30#30: *7 open() "/var/www/html/phpinfo" failed (2: No such file or directory), client: 10.241.2.1, server: web.dev, request: "GET /phpinfo HTTP/1.1", host: "10.241.2.4"
2021/08/09 16:01:26 [error] 30#30: *9 FastCGI sent in stderr: "Primary script unknown" while reading response header from upstream, client: 10.241.2.1, server: web.dev, request: "GET /index.php HTTP/1.1", upstream: "fastcgi://10.241.2.3:9000", host: "10.241.2.4"
2021/08/09 16:03:18 [notice] 1#1: signal 3 (SIGQUIT) received, shutting down
2021/08/09 16:03:18 [notice] 30#30: gracefully shutting down
2021/08/09 16:03:18 [notice] 31#31: gracefully shutting down
2021/08/09 16:03:18 [notice] 32#32: gracefully shutting down
2021/08/09 16:03:18 [notice] 30#30: exiting
2021/08/09 16:03:18 [notice] 31#31: exiting
2021/08/09 16:03:18 [notice] 33#33: gracefully shutting down
2021/08/09 16:03:18 [notice] 32#32: exiting
2021/08/09 16:03:18 [notice] 33#33: exiting
2021/08/09 16:03:18 [notice] 30#30: exit
2021/08/09 16:03:18 [notice] 32#32: exit
2021/08/09 16:03:18 [notice] 31#31: exit
2021/08/09 16:03:18 [notice] 33#33: exit
2021/08/09 16:03:18 [notice] 1#1: signal 17 (SIGCHLD) received from 33
2021/08/09 16:03:18 [notice] 1#1: worker process 33 exited with code 0
2021/08/09 16:03:18 [notice] 1#1: signal 29 (SIGIO) received
2021/08/09 16:03:18 [notice] 1#1: signal 17 (SIGCHLD) received from 30
2021/08/09 16:03:18 [notice] 1#1: worker process 30 exited with code 0
2021/08/09 16:03:18 [notice] 1#1: signal 29 (SIGIO) received
2021/08/09 16:03:18 [notice] 1#1: signal 17 (SIGCHLD) received from 31
2021/08/09 16:03:18 [notice] 1#1: worker process 31 exited with code 0
2021/08/09 16:03:18 [notice] 1#1: signal 29 (SIGIO) received
2021/08/09 16:03:18 [notice] 1#1: signal 17 (SIGCHLD) received from 32
2021/08/09 16:03:18 [notice] 1#1: worker process 32 exited with code 0
2021/08/09 16:03:18 [notice] 1#1: exit
2021/08/09 16:03:22 [notice] 1#1: using the "epoll" event method
2021/08/09 16:03:22 [notice] 1#1: nginx/1.21.1
2021/08/09 16:03:22 [notice] 1#1: built by gcc 8.3.0 (Debian 8.3.0-6) 
2021/08/09 16:03:22 [notice] 1#1: OS: Linux 5.8.0-63-generic
2021/08/09 16:03:22 [notice] 1#1: getrlimit(RLIMIT_NOFILE): 1048576:1048576
2021/08/09 16:03:22 [notice] 1#1: start worker processes
2021/08/09 16:03:22 [notice] 1#1: start worker process 30
2021/08/09 16:03:22 [notice] 1#1: start worker process 31
2021/08/09 16:03:22 [notice] 1#1: start worker process 32
2021/08/09 16:03:22 [notice] 1#1: start worker process 33
2021/08/09 16:03:23 [error] 31#31: *1 FastCGI sent in stderr: "Primary script unknown" while reading response header from upstream, client: 10.241.2.1, server: web.dev, request: "GET /index.php HTTP/1.1", upstream: "fastcgi://10.241.2.3:9000", host: "10.241.2.4"
2021/08/09 16:03:25 [error] 30#30: *5 FastCGI sent in stderr: "Primary script unknown" while reading response header from upstream, client: 10.241.2.1, server: web.dev, request: "GET / HTTP/1.1", upstream: "fastcgi://10.241.2.3:9000", host: "10.241.2.4"
2021/08/09 16:03:28 [error] 30#30: *5 FastCGI sent in stderr: "Primary script unknown" while reading response header from upstream, client: 10.241.2.1, server: web.dev, request: "GET / HTTP/1.1", upstream: "fastcgi://10.241.2.3:9000", host: "10.241.2.4"
2021/08/09 16:05:16 [notice] 1#1: signal 3 (SIGQUIT) received, shutting down
2021/08/09 16:05:16 [notice] 30#30: gracefully shutting down
2021/08/09 16:05:16 [notice] 30#30: exiting
2021/08/09 16:05:16 [notice] 32#32: gracefully shutting down
2021/08/09 16:05:16 [notice] 33#33: gracefully shutting down
2021/08/09 16:05:16 [notice] 32#32: exiting
2021/08/09 16:05:16 [notice] 33#33: exiting
2021/08/09 16:05:16 [notice] 30#30: exit
2021/08/09 16:05:16 [notice] 32#32: exit
2021/08/09 16:05:16 [notice] 33#33: exit
2021/08/09 16:05:16 [notice] 31#31: gracefully shutting down
2021/08/09 16:05:16 [notice] 31#31: exiting
2021/08/09 16:05:16 [notice] 31#31: exit
2021/08/09 16:05:16 [notice] 1#1: signal 17 (SIGCHLD) received from 32
2021/08/09 16:05:16 [notice] 1#1: worker process 32 exited with code 0
2021/08/09 16:05:16 [notice] 1#1: worker process 33 exited with code 0
2021/08/09 16:05:16 [notice] 1#1: worker process 31 exited with code 0
2021/08/09 16:05:16 [notice] 1#1: signal 29 (SIGIO) received
2021/08/09 16:05:16 [notice] 1#1: signal 17 (SIGCHLD) received from 31
2021/08/09 16:05:16 [notice] 1#1: signal 17 (SIGCHLD) received from 30
2021/08/09 16:05:16 [notice] 1#1: worker process 30 exited with code 0
2021/08/09 16:05:16 [notice] 1#1: exit
2021/08/09 16:12:38 [notice] 1#1: using the "epoll" event method
2021/08/09 16:12:38 [notice] 1#1: nginx/1.21.1
2021/08/09 16:12:38 [notice] 1#1: built by gcc 8.3.0 (Debian 8.3.0-6) 
2021/08/09 16:12:38 [notice] 1#1: OS: Linux 5.8.0-63-generic
2021/08/09 16:12:38 [notice] 1#1: getrlimit(RLIMIT_NOFILE): 1048576:1048576
2021/08/09 16:12:38 [notice] 1#1: start worker processes
2021/08/09 16:12:38 [notice] 1#1: start worker process 30
2021/08/09 16:12:38 [notice] 1#1: start worker process 31
2021/08/09 16:12:38 [notice] 1#1: start worker process 32
2021/08/09 16:12:38 [notice] 1#1: start worker process 33
2021/08/09 16:13:51 [notice] 1#1: signal 3 (SIGQUIT) received, shutting down
2021/08/09 16:13:51 [notice] 30#30: gracefully shutting down
2021/08/09 16:13:51 [notice] 31#31: gracefully shutting down
2021/08/09 16:13:51 [notice] 33#33: gracefully shutting down
2021/08/09 16:13:51 [notice] 31#31: exiting
2021/08/09 16:13:51 [notice] 33#33: exiting
2021/08/09 16:13:51 [notice] 30#30: exiting
2021/08/09 16:13:51 [notice] 31#31: exit
2021/08/09 16:13:51 [notice] 33#33: exit
2021/08/09 16:13:51 [notice] 30#30: exit
2021/08/09 16:13:51 [notice] 32#32: gracefully shutting down
2021/08/09 16:13:51 [notice] 32#32: exiting
2021/08/09 16:13:51 [notice] 32#32: exit
2021/08/09 16:13:51 [notice] 1#1: signal 17 (SIGCHLD) received from 33
2021/08/09 16:13:51 [notice] 1#1: worker process 30 exited with code 0
2021/08/09 16:13:51 [notice] 1#1: worker process 33 exited with code 0
2021/08/09 16:13:51 [notice] 1#1: signal 29 (SIGIO) received
2021/08/09 16:13:51 [notice] 1#1: signal 17 (SIGCHLD) received from 32
2021/08/09 16:13:51 [notice] 1#1: worker process 32 exited with code 0
2021/08/09 16:13:51 [notice] 1#1: signal 29 (SIGIO) received
2021/08/09 16:13:51 [notice] 1#1: signal 17 (SIGCHLD) received from 31
2021/08/09 16:13:51 [notice] 1#1: worker process 31 exited with code 0
2021/08/09 16:13:51 [notice] 1#1: exit
